Traceback (most recent call last):
  File "/Library/Frameworks/Python.framework/Versions/3.12/lib/python3.12/site-packages/jupyter_cache/executors/utils.py", line 58, in single_nb_execution
    executenb(
  File "/Library/Frameworks/Python.framework/Versions/3.12/lib/python3.12/site-packages/nbclient/client.py", line 1314, in execute
    return NotebookClient(nb=nb, resources=resources, km=km, **kwargs).execute()
           ^^^^^^^^^^^^^^^^^^^^^^^^^^^^^^^^^^^^^^^^^^^^^^^^^^^^^^^^^^^^^^^^^^^^^
  File "/Library/Frameworks/Python.framework/Versions/3.12/lib/python3.12/site-packages/jupyter_core/utils/__init__.py", line 165, in wrapped
    return loop.run_until_complete(inner)
           ^^^^^^^^^^^^^^^^^^^^^^^^^^^^^^
  File "/Library/Frameworks/Python.framework/Versions/3.12/lib/python3.12/asyncio/base_events.py", line 687, in run_until_complete
    return future.result()
           ^^^^^^^^^^^^^^^
  File "/Library/Frameworks/Python.framework/Versions/3.12/lib/python3.12/site-packages/nbclient/client.py", line 709, in async_execute
    await self.async_execute_cell(
  File "/Library/Frameworks/Python.framework/Versions/3.12/lib/python3.12/site-packages/nbclient/client.py", line 1062, in async_execute_cell
    await self._check_raise_for_error(cell, cell_index, exec_reply)
  File "/Library/Frameworks/Python.framework/Versions/3.12/lib/python3.12/site-packages/nbclient/client.py", line 918, in _check_raise_for_error
    raise CellExecutionError.from_cell_and_msg(cell, exec_reply_content)
nbclient.exceptions.CellExecutionError: An error occurred while executing the following cell:
------------------
gfu = GridFunction(fes)
scene = Draw (gfu.components[0], order=3, min=-0.05, max=0.05, autoscale=False)

t = 0
tend = 15
tau = 2e-4
i = 0
sigma = 10   # pml damping parameter

op1 = invp@(-fullB.T-sigma*dampingp) 
op2 = invu@(fullB-sigma*dampingu)
with TaskManager(): 
    while t < tend:

        gfu.vec.data += tau*Envelope(t)*srcvec
        gfu.vec.data += tau*op1*gfu.vec
        gfu.vec.data += tau*op2*gfu.vec        

        t += tau
        i += 1
        if i%20 == 0:
            scene.Redraw()
------------------


[0;31m---------------------------------------------------------------------------[0m
[0;31mKeyboardInterrupt[0m                         Traceback (most recent call last)
Cell [0;32mIn[13], line 13[0m
[1;32m     11[0m op2 [38;5;241m=[39m invu[38;5;241m@[39m(fullB[38;5;241m-[39msigma[38;5;241m*[39mdampingu)
[1;32m     12[0m [38;5;28;01mwith[39;00m TaskManager(): 
[0;32m---> 13[0m     [38;5;28;01mwhile[39;00m t [38;5;241m<[39m tend:
[1;32m     15[0m         gfu[38;5;241m.[39mvec[38;5;241m.[39mdata [38;5;241m+[39m[38;5;241m=[39m tau[38;5;241m*[39mEnvelope(t)[38;5;241m*[39msrcvec
[1;32m     16[0m         gfu[38;5;241m.[39mvec[38;5;241m.[39mdata [38;5;241m+[39m[38;5;241m=[39m tau[38;5;241m*[39mop1[38;5;241m*[39mgfu[38;5;241m.[39mvec

[0;31mKeyboardInterrupt[0m: 

